<?xml version="1.0" encoding="UTF-8"?>
<robot generator="Robot 6.0.2 (Python 3.9.9 on win32)" generated="20230509 12:37:30.915" rpa="false" schemaversion="3">
<suite id="s1" name="Turtlemint" source="d:\poc\turtlemint">
<suite id="s1-s1" name="KeywordTestcases" source="d:\poc\turtlemint\KeywordTestcases">
<suite id="s1-s1-s1" name="Creating A Policy" source="d:\poc\turtlemint\KeywordTestcases\Creating A Policy.robot">
<test id="s1-s1-s1-t1" name="TC01 Creating Health Policy" line="6">
<kw name="Launch Browser and Navigate to URL" library="common">
<arg>${URL}</arg>
<arg>${BROWSER_NAME}</arg>
<kw name="Run Keyword And Return Status" library="BuiltIn">
<var>${session}</var>
<arg>Get Session Id</arg>
<doc>Runs the given keyword with given arguments and returns the status as a Boolean value.</doc>
<kw name="Get Session Id" library="SeleniumLibrary">
<doc>Returns the currently active browser session id.</doc>
<msg timestamp="20230509 12:37:31.282" level="INFO">Cannot capture screenshot because no browser is open.</msg>
<msg timestamp="20230509 12:37:31.285" level="FAIL">No browser is open.</msg>
<status status="FAIL" starttime="20230509 12:37:31.281" endtime="20230509 12:37:31.287"/>
</kw>
<msg timestamp="20230509 12:37:31.287" level="INFO">${session} = False</msg>
<status status="PASS" starttime="20230509 12:37:31.281" endtime="20230509 12:37:31.287"/>
</kw>
<kw name="Run Keyword If" library="BuiltIn">
<arg>${session}==True</arg>
<arg>Go To</arg>
<arg>${url}</arg>
<arg>ELSE</arg>
<arg>Launch Browser</arg>
<arg>${browser_name}</arg>
<arg>${url}</arg>
<doc>Runs the given keyword with the given arguments, if ``condition`` is true.</doc>
<kw name="Launch Browser" library="common">
<arg>${browser_name}</arg>
<arg>${url}</arg>
<kw name="Run Keyword If" library="BuiltIn">
<arg>'${browser_name}'=='Chrome' or '${browser_name}'=='chrome' or '${browser_name}'=='gc'</arg>
<arg>Open Browser</arg>
<arg>${url}</arg>
<arg>gc</arg>
<doc>Runs the given keyword with the given arguments, if ``condition`` is true.</doc>
<kw name="Open Browser" library="SeleniumLibrary">
<arg>${url}</arg>
<arg>gc</arg>
<doc>Opens a new browser instance to the optional ``url``.</doc>
<msg timestamp="20230509 12:37:31.291" level="INFO">Opening browser 'gc' to base url 'https://www.turtlemint.com/'.</msg>
<status status="PASS" starttime="20230509 12:37:31.290" endtime="20230509 12:37:35.913"/>
</kw>
<status status="PASS" starttime="20230509 12:37:31.289" endtime="20230509 12:37:35.914"/>
</kw>
<kw name="Run Keyword If" library="BuiltIn">
<arg>'${browser_name}'=='Firefox' or '${browser_name}'=='firefox' or '${browser_name}'=='ff'</arg>
<arg>Open Browser</arg>
<arg>${url}</arg>
<arg>Firefox</arg>
<doc>Runs the given keyword with the given arguments, if ``condition`` is true.</doc>
<status status="PASS" starttime="20230509 12:37:35.915" endtime="20230509 12:37:35.916"/>
</kw>
<status status="PASS" starttime="20230509 12:37:31.289" endtime="20230509 12:37:35.917"/>
</kw>
<status status="PASS" starttime="20230509 12:37:31.288" endtime="20230509 12:37:35.917"/>
</kw>
<kw name="Maximize Browser Window" library="SeleniumLibrary">
<doc>Maximizes current browser window.</doc>
<status status="PASS" starttime="20230509 12:37:35.917" endtime="20230509 12:37:36.043"/>
</kw>
<status status="PASS" starttime="20230509 12:37:31.280" endtime="20230509 12:37:36.044"/>
</kw>
<kw name="Read TestData From Excel" library="common">
<var>${policy_data}</var>
<arg>TC_01</arg>
<arg>policy</arg>
<doc>Read TestData from excel file for required data.</doc>
<kw name="Get Ms Excel Row Values Into Dictionary Based On Key" library="CustomLibrary">
<var>${test_prerequisite_data}</var>
<arg>${TESTDATA_FOLDER}/TestData.xlsx</arg>
<arg>${testcaseid}</arg>
<arg>${sheet_name}</arg>
<doc>Returns the dictionary of values given row in the MS Excel file</doc>
<msg timestamp="20230509 12:37:36.126" level="INFO">${test_prerequisite_data} = {'TCName': 'TC_01', 'insurance_type': 'Health', 'gender': 'Male', 'members_to_be_ insured': 'Self;Wife', 'age': 'Self-42 years;Wife-40 years', 'planning_to_have kids': 'No', 'when_are_you_planning_kid...</msg>
<status status="PASS" starttime="20230509 12:37:36.046" endtime="20230509 12:37:36.126"/>
</kw>
<kw name="Set Global Variable" library="BuiltIn">
<arg>${test_prerequisite_data}</arg>
<doc>Makes a variable available globally in all tests and suites.</doc>
<msg timestamp="20230509 12:37:36.127" level="INFO">${test_prerequisite_data} = {'TCName': 'TC_01', 'insurance_type': 'Health', 'gender': 'Male', 'members_to_be_ insured': 'Self;Wife', 'age': 'Self-42 years;Wife-40 years', 'planning_to_have kids': 'No', 'when_are_you_planning_kid...</msg>
<status status="PASS" starttime="20230509 12:37:36.127" endtime="20230509 12:37:36.127"/>
</kw>
<msg timestamp="20230509 12:37:36.128" level="INFO">${policy_data} = {'TCName': 'TC_01', 'insurance_type': 'Health', 'gender': 'Male', 'members_to_be_ insured': 'Self;Wife', 'age': 'Self-42 years;Wife-40 years', 'planning_to_have kids': 'No', 'when_are_you_planning_kid...</msg>
<status status="PASS" starttime="20230509 12:37:36.045" endtime="20230509 12:37:36.128"/>
</kw>
<kw name="Create a Health Policy" library="health_policy">
<arg>${policy_data}</arg>
<kw name="Select type of insurance" library="health_policy">
<arg>${policy_data}[insurance_type]</arg>
<kw name="Wait Until Element Is Visible" library="SeleniumLibrary">
<arg>${home.radio.health}</arg>
<arg>${LONG_WAIT}</arg>
<arg>Turtle Mint home page is not displayed</arg>
<doc>Waits until the element ``locator`` is visible.</doc>
<status status="PASS" starttime="20230509 12:37:36.132" endtime="20230509 12:37:36.161"/>
</kw>
<kw name="Run Keyword If" library="BuiltIn">
<arg>'${insurance_type}'=='Health'</arg>
<arg>Click Element</arg>
<arg>${home.radio.health}</arg>
<doc>Runs the given keyword with the given arguments, if ``condition`` is true.</doc>
<kw name="Click Element" library="SeleniumLibrary">
<arg>${home.radio.health}</arg>
<doc>Click the element identified by ``locator``.</doc>
<msg timestamp="20230509 12:37:36.162" level="INFO">Clicking element '//label[@class='select-type-health-desk']'.</msg>
<status status="PASS" starttime="20230509 12:37:36.161" endtime="20230509 12:37:36.211"/>
</kw>
<status status="PASS" starttime="20230509 12:37:36.161" endtime="20230509 12:37:36.212"/>
</kw>
<kw name="Run Keyword If" library="BuiltIn">
<arg>'${insurance_type}'=='Life'</arg>
<arg>Click Element</arg>
<arg>${home.radio.life}</arg>
<doc>Runs the given keyword with the given arguments, if ``condition`` is true.</doc>
<status status="PASS" starttime="20230509 12:37:36.212" endtime="20230509 12:37:36.213"/>
</kw>
<kw name="Run Keyword If" library="BuiltIn">
<var>${loc_insurance_type}</var>
<arg>'${insurance_type}'=='Life'</arg>
<arg>Set Variable</arg>
<arg>${home.radio.life}</arg>
<doc>Runs the given keyword with the given arguments, if ``condition`` is true.</doc>
<msg timestamp="20230509 12:37:36.215" level="INFO">${loc_insurance_type} = None</msg>
<status status="PASS" starttime="20230509 12:37:36.214" endtime="20230509 12:37:36.217"/>
</kw>
<kw name="Click Element" library="SeleniumLibrary">
<arg>${home.button.getquote}</arg>
<doc>Click the element identified by ``locator``.</doc>
<msg timestamp="20230509 12:37:36.218" level="INFO">Clicking element '//div[@class="main-banner-txt"]/..//button[text()='Get a Quote']'.</msg>
<status status="PASS" starttime="20230509 12:37:36.217" endtime="20230509 12:37:36.693"/>
</kw>
<status status="PASS" starttime="20230509 12:37:36.131" endtime="20230509 12:37:36.693"/>
</kw>
<kw name="Select gender" library="health_policy">
<arg>${policy_data}[gender]</arg>
<doc>Screen Tell us about yourself, you are a...</doc>
<kw name="Wait Until Element Is Visible" library="SeleniumLibrary">
<arg>${health.pageheader.gender}</arg>
<arg>${MEDIUM_WAIT}</arg>
<arg>Gender page is not displayed</arg>
<doc>Waits until the element ``locator`` is visible.</doc>
<status status="PASS" starttime="20230509 12:37:36.694" endtime="20230509 12:37:37.311"/>
</kw>
<kw name="Update Dynamic Xpath" library="common">
<var>${loc_gender}</var>
<arg>${health.radiobtn.gender}</arg>
<arg>${gender}</arg>
<kw name="Replace String" library="String">
<var>${new_locator}</var>
<arg>${locator}</arg>
<arg>replaceText</arg>
<arg>${text}</arg>
<doc>Replaces ``search_for`` in the given ``string`` with ``replace_with``.</doc>
<msg timestamp="20230509 12:37:37.318" level="INFO">${new_locator} = //div[text()='Male ']</msg>
<status status="PASS" starttime="20230509 12:37:37.316" endtime="20230509 12:37:37.319"/>
</kw>
<msg timestamp="20230509 12:37:37.320" level="INFO">${loc_gender} = //div[text()='Male ']</msg>
<status status="PASS" starttime="20230509 12:37:37.313" endtime="20230509 12:37:37.321"/>
</kw>
<kw name="Click Element" library="SeleniumLibrary">
<arg>${loc_gender}</arg>
<doc>Click the element identified by ``locator``.</doc>
<msg timestamp="20230509 12:37:37.325" level="INFO">Clicking element '//div[text()='Male ']'.</msg>
<status status="PASS" starttime="20230509 12:37:37.322" endtime="20230509 12:37:37.542"/>
</kw>
<status status="PASS" starttime="20230509 12:37:36.694" endtime="20230509 12:37:37.542"/>
</kw>
<kw name="Who would you like to insure" library="health_policy">
<arg>${policy_data}[members_to_be_ insured]</arg>
<kw name="Split String" library="String">
<var>@{list_members}</var>
<arg>${members_to_be_insured}</arg>
<arg>separator=;</arg>
<doc>Splits the ``string`` using ``separator`` as a delimiter string.</doc>
<msg timestamp="20230509 12:37:37.544" level="INFO">@{list_members} = [ Self | Wife ]</msg>
<status status="PASS" starttime="20230509 12:37:37.544" endtime="20230509 12:37:37.544"/>
</kw>
<kw name="Wait Until Element Is Visible" library="SeleniumLibrary">
<arg>${health.pageheader.whotoinsure}</arg>
<arg>${MEDIUM_WAIT}</arg>
<arg>Who would you like to get insured? page is not displayed</arg>
<doc>Waits until the element ``locator`` is visible.</doc>
<status status="PASS" starttime="20230509 12:37:37.545" endtime="20230509 12:37:37.786"/>
</kw>
<for flavor="IN">
<var>${member}</var>
<value>@{list_members}</value>
<iter>
<var name="${member}">Self</var>
<kw name="Select Checkbox" library="common">
<arg>${member}</arg>
<kw name="Update Dynamic Xpath" library="common">
<var>${loc_checkbox}</var>
<arg>${common.checkbox}</arg>
<arg>${checkbox_name}</arg>
<kw name="Replace String" library="String">
<var>${new_locator}</var>
<arg>${locator}</arg>
<arg>replaceText</arg>
<arg>${text}</arg>
<doc>Replaces ``search_for`` in the given ``string`` with ``replace_with``.</doc>
<msg timestamp="20230509 12:37:37.789" level="INFO">${new_locator} = //label[contains(text(),'Self')]</msg>
<status status="PASS" starttime="20230509 12:37:37.788" endtime="20230509 12:37:37.789"/>
</kw>
<msg timestamp="20230509 12:37:37.789" level="INFO">${loc_checkbox} = //label[contains(text(),'Self')]</msg>
<status status="PASS" starttime="20230509 12:37:37.787" endtime="20230509 12:37:37.789"/>
</kw>
<kw name="Click Element" library="SeleniumLibrary">
<arg>${loc_checkbox}</arg>
<doc>Click the element identified by ``locator``.</doc>
<msg timestamp="20230509 12:37:37.790" level="INFO">Clicking element '//label[contains(text(),'Self')]'.</msg>
<status status="PASS" starttime="20230509 12:37:37.790" endtime="20230509 12:37:37.860"/>
</kw>
<status status="PASS" starttime="20230509 12:37:37.787" endtime="20230509 12:37:37.861"/>
</kw>
<status status="PASS" starttime="20230509 12:37:37.787" endtime="20230509 12:37:37.861"/>
</iter>
<iter>
<var name="${member}">Wife</var>
<kw name="Select Checkbox" library="common">
<arg>${member}</arg>
<kw name="Update Dynamic Xpath" library="common">
<var>${loc_checkbox}</var>
<arg>${common.checkbox}</arg>
<arg>${checkbox_name}</arg>
<kw name="Replace String" library="String">
<var>${new_locator}</var>
<arg>${locator}</arg>
<arg>replaceText</arg>
<arg>${text}</arg>
<doc>Replaces ``search_for`` in the given ``string`` with ``replace_with``.</doc>
<msg timestamp="20230509 12:37:37.868" level="INFO">${new_locator} = //label[contains(text(),'Wife')]</msg>
<status status="PASS" starttime="20230509 12:37:37.867" endtime="20230509 12:37:37.868"/>
</kw>
<msg timestamp="20230509 12:37:37.869" level="INFO">${loc_checkbox} = //label[contains(text(),'Wife')]</msg>
<status status="PASS" starttime="20230509 12:37:37.865" endtime="20230509 12:37:37.869"/>
</kw>
<kw name="Click Element" library="SeleniumLibrary">
<arg>${loc_checkbox}</arg>
<doc>Click the element identified by ``locator``.</doc>
<msg timestamp="20230509 12:37:37.870" level="INFO">Clicking element '//label[contains(text(),'Wife')]'.</msg>
<status status="PASS" starttime="20230509 12:37:37.869" endtime="20230509 12:37:37.927"/>
</kw>
<status status="PASS" starttime="20230509 12:37:37.864" endtime="20230509 12:37:37.927"/>
</kw>
<status status="PASS" starttime="20230509 12:37:37.863" endtime="20230509 12:37:37.927"/>
</iter>
<status status="PASS" starttime="20230509 12:37:37.786" endtime="20230509 12:37:37.928"/>
</for>
<kw name="Click on Next button" library="common">
<kw name="Click Element" library="SeleniumLibrary">
<arg>${common.button.next}</arg>
<doc>Click the element identified by ``locator``.</doc>
<msg timestamp="20230509 12:37:37.929" level="INFO">Clicking element '//div[@id='Next']'.</msg>
<status status="PASS" starttime="20230509 12:37:37.928" endtime="20230509 12:37:38.144"/>
</kw>
<status status="PASS" starttime="20230509 12:37:37.928" endtime="20230509 12:37:38.144"/>
</kw>
<status status="PASS" starttime="20230509 12:37:37.543" endtime="20230509 12:37:38.145"/>
</kw>
<kw name="What is their age" library="health_policy">
<arg>${policy_data}[age]</arg>
<kw name="Split String" library="String">
<var>@{list_members}</var>
<arg>${relations_n_age}</arg>
<arg>separator=;</arg>
<doc>Splits the ``string`` using ``separator`` as a delimiter string.</doc>
<msg timestamp="20230509 12:37:38.148" level="INFO">@{list_members} = [ Self-42 years | Wife-40 years ]</msg>
<status status="PASS" starttime="20230509 12:37:38.147" endtime="20230509 12:37:38.148"/>
</kw>
<for flavor="IN">
<var>${member}</var>
<value>@{list_members}</value>
<iter>
<var name="${member}">Self-42 years</var>
<kw name="Split String" library="String">
<var>@{age}</var>
<arg>${member}</arg>
<arg>separator=-</arg>
<doc>Splits the ``string`` using ``separator`` as a delimiter string.</doc>
<msg timestamp="20230509 12:37:38.150" level="INFO">@{age} = [ Self | 42 years ]</msg>
<status status="PASS" starttime="20230509 12:37:38.149" endtime="20230509 12:37:38.150"/>
</kw>
<kw name="Get From List" library="Collections">
<var>${dropdown_labelname}</var>
<arg>${age}</arg>
<arg>0</arg>
<doc>Returns the value specified with an ``index`` from ``list``.</doc>
<msg timestamp="20230509 12:37:38.150" level="INFO">${dropdown_labelname} = Self</msg>
<status status="PASS" starttime="20230509 12:37:38.150" endtime="20230509 12:37:38.150"/>
</kw>
<kw name="Get From List" library="Collections">
<var>${dropdown_value}</var>
<arg>${age}</arg>
<arg>1</arg>
<doc>Returns the value specified with an ``index`` from ``list``.</doc>
<msg timestamp="20230509 12:37:38.152" level="INFO">${dropdown_value} = 42 years</msg>
<status status="PASS" starttime="20230509 12:37:38.152" endtime="20230509 12:37:38.152"/>
</kw>
<kw name="Select from dropdown" library="common">
<arg>${dropdown_labelname}</arg>
<arg>${dropdown_value}</arg>
<kw name="Update Dynamic Xpath" library="common">
<var>${loc_dropdown_name}</var>
<arg>${home.dropdown}</arg>
<arg>${dropdown_labelname}</arg>
<kw name="Replace String" library="String">
<var>${new_locator}</var>
<arg>${locator}</arg>
<arg>replaceText</arg>
<arg>${text}</arg>
<doc>Replaces ``search_for`` in the given ``string`` with ``replace_with``.</doc>
<msg timestamp="20230509 12:37:38.154" level="INFO">${new_locator} = xpath=(//div[text()='Self']/..//button)[1]</msg>
<status status="PASS" starttime="20230509 12:37:38.154" endtime="20230509 12:37:38.154"/>
</kw>
<msg timestamp="20230509 12:37:38.154" level="INFO">${loc_dropdown_name} = xpath=(//div[text()='Self']/..//button)[1]</msg>
<status status="PASS" starttime="20230509 12:37:38.152" endtime="20230509 12:37:38.154"/>
</kw>
<kw name="Click Element" library="SeleniumLibrary">
<arg>${loc_dropdown_name}</arg>
<doc>Click the element identified by ``locator``.</doc>
<msg timestamp="20230509 12:37:38.155" level="INFO">Clicking element 'xpath=(//div[text()='Self']/..//button)[1]'.</msg>
<status status="PASS" starttime="20230509 12:37:38.155" endtime="20230509 12:37:38.245"/>
</kw>
<kw name="Comment" library="BuiltIn">
<arg>Wait for the drop down to open</arg>
<doc>Displays the given messages in the log file as keyword arguments.</doc>
<status status="PASS" starttime="20230509 12:37:38.246" endtime="20230509 12:37:38.247"/>
</kw>
<kw name="Wait Until Element Is Visible" library="SeleniumLibrary">
<arg>${home.dropdown.open}</arg>
<arg>${MEDIUM_WAIT}</arg>
<arg>Drop down is not displayed</arg>
<doc>Waits until the element ``locator`` is visible.</doc>
<status status="PASS" starttime="20230509 12:37:38.248" endtime="20230509 12:37:38.270"/>
</kw>
<kw name="Update Dynamic Xpath" library="common">
<var>${loc_dropdown_value}</var>
<arg>${home.dropdown.value}</arg>
<arg>${dropdown_value}</arg>
<kw name="Replace String" library="String">
<var>${new_locator}</var>
<arg>${locator}</arg>
<arg>replaceText</arg>
<arg>${text}</arg>
<doc>Replaces ``search_for`` in the given ``string`` with ``replace_with``.</doc>
<msg timestamp="20230509 12:37:38.271" level="INFO">${new_locator} = //div[@class="dropdown open"]//a[text()='42 years']</msg>
<status status="PASS" starttime="20230509 12:37:38.271" endtime="20230509 12:37:38.271"/>
</kw>
<msg timestamp="20230509 12:37:38.271" level="INFO">${loc_dropdown_value} = //div[@class="dropdown open"]//a[text()='42 years']</msg>
<status status="PASS" starttime="20230509 12:37:38.270" endtime="20230509 12:37:38.271"/>
</kw>
<kw name="Click Element" library="SeleniumLibrary">
<arg>${loc_dropdown_value}</arg>
<doc>Click the element identified by ``locator``.</doc>
<msg timestamp="20230509 12:37:38.272" level="INFO">Clicking element '//div[@class="dropdown open"]//a[text()='42 years']'.</msg>
<status status="PASS" starttime="20230509 12:37:38.272" endtime="20230509 12:37:38.359"/>
</kw>
<status status="PASS" starttime="20230509 12:37:38.152" endtime="20230509 12:37:38.359"/>
</kw>
<status status="PASS" starttime="20230509 12:37:38.149" endtime="20230509 12:37:38.359"/>
</iter>
<iter>
<var name="${member}">Wife-40 years</var>
<kw name="Split String" library="String">
<var>@{age}</var>
<arg>${member}</arg>
<arg>separator=-</arg>
<doc>Splits the ``string`` using ``separator`` as a delimiter string.</doc>
<msg timestamp="20230509 12:37:38.360" level="INFO">@{age} = [ Wife | 40 years ]</msg>
<status status="PASS" starttime="20230509 12:37:38.360" endtime="20230509 12:37:38.360"/>
</kw>
<kw name="Get From List" library="Collections">
<var>${dropdown_labelname}</var>
<arg>${age}</arg>
<arg>0</arg>
<doc>Returns the value specified with an ``index`` from ``list``.</doc>
<msg timestamp="20230509 12:37:38.362" level="INFO">${dropdown_labelname} = Wife</msg>
<status status="PASS" starttime="20230509 12:37:38.361" endtime="20230509 12:37:38.362"/>
</kw>
<kw name="Get From List" library="Collections">
<var>${dropdown_value}</var>
<arg>${age}</arg>
<arg>1</arg>
<doc>Returns the value specified with an ``index`` from ``list``.</doc>
<msg timestamp="20230509 12:37:38.362" level="INFO">${dropdown_value} = 40 years</msg>
<status status="PASS" starttime="20230509 12:37:38.362" endtime="20230509 12:37:38.364"/>
</kw>
<kw name="Select from dropdown" library="common">
<arg>${dropdown_labelname}</arg>
<arg>${dropdown_value}</arg>
<kw name="Update Dynamic Xpath" library="common">
<var>${loc_dropdown_name}</var>
<arg>${home.dropdown}</arg>
<arg>${dropdown_labelname}</arg>
<kw name="Replace String" library="String">
<var>${new_locator}</var>
<arg>${locator}</arg>
<arg>replaceText</arg>
<arg>${text}</arg>
<doc>Replaces ``search_for`` in the given ``string`` with ``replace_with``.</doc>
<msg timestamp="20230509 12:37:38.367" level="INFO">${new_locator} = xpath=(//div[text()='Wife']/..//button)[1]</msg>
<status status="PASS" starttime="20230509 12:37:38.366" endtime="20230509 12:37:38.367"/>
</kw>
<msg timestamp="20230509 12:37:38.367" level="INFO">${loc_dropdown_name} = xpath=(//div[text()='Wife']/..//button)[1]</msg>
<status status="PASS" starttime="20230509 12:37:38.365" endtime="20230509 12:37:38.367"/>
</kw>
<kw name="Click Element" library="SeleniumLibrary">
<arg>${loc_dropdown_name}</arg>
<doc>Click the element identified by ``locator``.</doc>
<msg timestamp="20230509 12:37:38.368" level="INFO">Clicking element 'xpath=(//div[text()='Wife']/..//button)[1]'.</msg>
<status status="PASS" starttime="20230509 12:37:38.368" endtime="20230509 12:37:38.418"/>
</kw>
<kw name="Comment" library="BuiltIn">
<arg>Wait for the drop down to open</arg>
<doc>Displays the given messages in the log file as keyword arguments.</doc>
<status status="PASS" starttime="20230509 12:37:38.418" endtime="20230509 12:37:38.419"/>
</kw>
<kw name="Wait Until Element Is Visible" library="SeleniumLibrary">
<arg>${home.dropdown.open}</arg>
<arg>${MEDIUM_WAIT}</arg>
<arg>Drop down is not displayed</arg>
<doc>Waits until the element ``locator`` is visible.</doc>
<status status="PASS" starttime="20230509 12:37:38.419" endtime="20230509 12:37:38.436"/>
</kw>
<kw name="Update Dynamic Xpath" library="common">
<var>${loc_dropdown_value}</var>
<arg>${home.dropdown.value}</arg>
<arg>${dropdown_value}</arg>
<kw name="Replace String" library="String">
<var>${new_locator}</var>
<arg>${locator}</arg>
<arg>replaceText</arg>
<arg>${text}</arg>
<doc>Replaces ``search_for`` in the given ``string`` with ``replace_with``.</doc>
<msg timestamp="20230509 12:37:38.437" level="INFO">${new_locator} = //div[@class="dropdown open"]//a[text()='40 years']</msg>
<status status="PASS" starttime="20230509 12:37:38.436" endtime="20230509 12:37:38.437"/>
</kw>
<msg timestamp="20230509 12:37:38.437" level="INFO">${loc_dropdown_value} = //div[@class="dropdown open"]//a[text()='40 years']</msg>
<status status="PASS" starttime="20230509 12:37:38.436" endtime="20230509 12:37:38.437"/>
</kw>
<kw name="Click Element" library="SeleniumLibrary">
<arg>${loc_dropdown_value}</arg>
<doc>Click the element identified by ``locator``.</doc>
<msg timestamp="20230509 12:37:38.438" level="INFO">Clicking element '//div[@class="dropdown open"]//a[text()='40 years']'.</msg>
<status status="PASS" starttime="20230509 12:37:38.438" endtime="20230509 12:37:38.534"/>
</kw>
<status status="PASS" starttime="20230509 12:37:38.364" endtime="20230509 12:37:38.535"/>
</kw>
<status status="PASS" starttime="20230509 12:37:38.360" endtime="20230509 12:37:38.535"/>
</iter>
<status status="PASS" starttime="20230509 12:37:38.149" endtime="20230509 12:37:38.535"/>
</for>
<kw name="Click on Next button" library="common">
<kw name="Click Element" library="SeleniumLibrary">
<arg>${common.button.next}</arg>
<doc>Click the element identified by ``locator``.</doc>
<msg timestamp="20230509 12:37:38.536" level="INFO">Clicking element '//div[@id='Next']'.</msg>
<status status="PASS" starttime="20230509 12:37:38.536" endtime="20230509 12:37:38.625"/>
</kw>
<status status="PASS" starttime="20230509 12:37:38.535" endtime="20230509 12:37:38.625"/>
</kw>
<status status="PASS" starttime="20230509 12:37:38.146" endtime="20230509 12:37:38.626"/>
</kw>
<kw name="Split String" library="String">
<var>@{list_members}</var>
<arg>${policy_data}[members_to_be_ insured]</arg>
<arg>;</arg>
<doc>Splits the ``string`` using ``separator`` as a delimiter string.</doc>
<msg timestamp="20230509 12:37:38.626" level="INFO">@{list_members} = [ Self | Wife ]</msg>
<status status="PASS" starttime="20230509 12:37:38.626" endtime="20230509 12:37:38.627"/>
</kw>
<kw name="Run Keyword And Return Status" library="BuiltIn">
<var>${status}</var>
<arg>Dictionary Should Contain Key</arg>
<arg>${policy_data}</arg>
<arg>when_are_you_planning_kids</arg>
<doc>Runs the given keyword with given arguments and returns the status as a Boolean value.</doc>
<kw name="Dictionary Should Contain Key" library="Collections">
<arg>${policy_data}</arg>
<arg>when_are_you_planning_kids</arg>
<doc>Fails if ``key`` is not found from ``dictionary``.</doc>
<status status="PASS" starttime="20230509 12:37:38.628" endtime="20230509 12:37:38.629"/>
</kw>
<msg timestamp="20230509 12:37:38.629" level="INFO">${status} = True</msg>
<status status="PASS" starttime="20230509 12:37:38.627" endtime="20230509 12:37:38.630"/>
</kw>
<kw name="Set Variable If" library="BuiltIn">
<var>${when_are_you_planning_kids}</var>
<arg>${status}==True</arg>
<arg>${policy_data}[when_are_you_planning_kids]</arg>
<arg>${EMPTY}</arg>
<doc>Sets variable based on the given condition.</doc>
<msg timestamp="20230509 12:37:38.632" level="INFO">${when_are_you_planning_kids} = IN1YR</msg>
<status status="PASS" starttime="20230509 12:37:38.630" endtime="20230509 12:37:38.632"/>
</kw>
<kw name="Run Keyword If" library="BuiltIn">
<arg>'Wife' in @{list_members} or 'Husband' in @{list_members}</arg>
<arg>Are you planning to have kids</arg>
<arg>${policy_data}[planning_to_have kids]</arg>
<arg>${when_are_you_planning_kids}</arg>
<doc>Runs the given keyword with the given arguments, if ``condition`` is true.</doc>
<kw name="Are you planning to have kids" library="health_policy">
<arg>${policy_data}[planning_to_have kids]</arg>
<arg>${when_are_you_planning_kids}</arg>
<kw name="Wait Until Element Is Visible" library="SeleniumLibrary">
<arg>${health.pageheader.areyouplanningto}</arg>
<arg>${SHORT_WAIT}</arg>
<arg>Are you planning to have kids page is not displayed</arg>
<doc>Waits until the element ``locator`` is visible.</doc>
<status status="PASS" starttime="20230509 12:37:38.634" endtime="20230509 12:37:38.659"/>
</kw>
<kw name="Update Dynamic Xpath" library="common">
<var>${loc_option}</var>
<arg>${health.radiobtn.option}</arg>
<arg>${option}</arg>
<kw name="Replace String" library="String">
<var>${new_locator}</var>
<arg>${locator}</arg>
<arg>replaceText</arg>
<arg>${text}</arg>
<doc>Replaces ``search_for`` in the given ``string`` with ``replace_with``.</doc>
<msg timestamp="20230509 12:37:38.660" level="INFO">${new_locator} = //input[@type='radio']/..//span[text()='No']|//input[@type='radio']/../..//label[contains(.,'No')]</msg>
<status status="PASS" starttime="20230509 12:37:38.660" endtime="20230509 12:37:38.660"/>
</kw>
<msg timestamp="20230509 12:37:38.660" level="INFO">${loc_option} = //input[@type='radio']/..//span[text()='No']|//input[@type='radio']/../..//label[contains(.,'No')]</msg>
<status status="PASS" starttime="20230509 12:37:38.659" endtime="20230509 12:37:38.661"/>
</kw>
<kw name="Click Element" library="SeleniumLibrary">
<arg>${loc_option}</arg>
<doc>Click the element identified by ``locator``.</doc>
<msg timestamp="20230509 12:37:38.662" level="INFO">Clicking element '//input[@type='radio']/..//span[text()='No']|//input[@type='radio']/../..//label[contains(.,'No')]'.</msg>
<status status="PASS" starttime="20230509 12:37:38.662" endtime="20230509 12:37:38.805"/>
</kw>
<kw name="Run Keyword If" library="BuiltIn">
<arg>'${option}'=='Yes'</arg>
<arg>When are you planning to have a child</arg>
<arg>${planning_kids}</arg>
<doc>Runs the given keyword with the given arguments, if ``condition`` is true.</doc>
<status status="PASS" starttime="20230509 12:37:38.807" endtime="20230509 12:37:38.807"/>
</kw>
<kw name="Run Keyword And Return Status" library="BuiltIn">
<var>${status}</var>
<arg>Wait Until Element Is Visible</arg>
<arg>${health.pageheader.areyouplanningto}</arg>
<arg>${SHORT_WAIT}</arg>
<doc>Runs the given keyword with given arguments and returns the status as a Boolean value.</doc>
<kw name="Wait Until Element Is Visible" library="SeleniumLibrary">
<arg>${health.pageheader.areyouplanningto}</arg>
<arg>${SHORT_WAIT}</arg>
<doc>Waits until the element ``locator`` is visible.</doc>
<msg timestamp="20230509 12:37:41.985" level="INFO" html="true">&lt;/td&gt;&lt;/tr&gt;&lt;tr&gt;&lt;td colspan="3"&gt;&lt;a href="selenium-screenshot-18.png"&gt;&lt;img src="selenium-screenshot-18.png" width="800px"&gt;&lt;/a&gt;</msg>
<msg timestamp="20230509 12:37:41.985" level="FAIL">Element '//p[@class="heading" and contains(text(),'Are you planning to have a child')]' not visible after 3 seconds.</msg>
<status status="FAIL" starttime="20230509 12:37:38.807" endtime="20230509 12:37:41.986"/>
</kw>
<msg timestamp="20230509 12:37:41.987" level="INFO">${status} = False</msg>
<status status="PASS" starttime="20230509 12:37:38.807" endtime="20230509 12:37:41.987"/>
</kw>
<kw name="Run Keyword If" library="BuiltIn">
<arg>${status}==True</arg>
<arg>Click on Next button</arg>
<doc>Runs the given keyword with the given arguments, if ``condition`` is true.</doc>
<status status="PASS" starttime="20230509 12:37:41.987" endtime="20230509 12:37:41.988"/>
</kw>
<status status="PASS" starttime="20230509 12:37:38.633" endtime="20230509 12:37:41.988"/>
</kw>
<status status="PASS" starttime="20230509 12:37:38.632" endtime="20230509 12:37:41.988"/>
</kw>
<kw name="Does any of the member have any disease" library="health_policy">
<arg>${policy_data}[member_have_any_disease]</arg>
<kw name="Wait Until Element Is Visible" library="SeleniumLibrary">
<arg>${health.pageheader.doesanyofthemembers}</arg>
<doc>Waits until the element ``locator`` is visible.</doc>
<status status="PASS" starttime="20230509 12:37:41.990" endtime="20230509 12:37:42.012"/>
</kw>
<kw name="Update Dynamic Xpath" library="common">
<var>${loc_option}</var>
<arg>${health.radiobtn.option}</arg>
<arg>${option}</arg>
<kw name="Replace String" library="String">
<var>${new_locator}</var>
<arg>${locator}</arg>
<arg>replaceText</arg>
<arg>${text}</arg>
<doc>Replaces ``search_for`` in the given ``string`` with ``replace_with``.</doc>
<msg timestamp="20230509 12:37:42.014" level="INFO">${new_locator} = //input[@type='radio']/..//span[text()='No']|//input[@type='radio']/../..//label[contains(.,'No')]</msg>
<status status="PASS" starttime="20230509 12:37:42.013" endtime="20230509 12:37:42.014"/>
</kw>
<msg timestamp="20230509 12:37:42.014" level="INFO">${loc_option} = //input[@type='radio']/..//span[text()='No']|//input[@type='radio']/../..//label[contains(.,'No')]</msg>
<status status="PASS" starttime="20230509 12:37:42.013" endtime="20230509 12:37:42.014"/>
</kw>
<kw name="Click Element" library="SeleniumLibrary">
<arg>${loc_option}</arg>
<doc>Click the element identified by ``locator``.</doc>
<msg timestamp="20230509 12:37:42.015" level="INFO">Clicking element '//input[@type='radio']/..//span[text()='No']|//input[@type='radio']/../..//label[contains(.,'No')]'.</msg>
<status status="PASS" starttime="20230509 12:37:42.014" endtime="20230509 12:37:42.065"/>
</kw>
<kw name="Run Keyword If" library="BuiltIn">
<arg>'${option}'=='Yes'</arg>
<arg>Wait Until Element Is Visible</arg>
<arg>${health.pageheader.doesanyofthemembers}</arg>
<doc>Runs the given keyword with the given arguments, if ``condition`` is true.</doc>
<status status="PASS" starttime="20230509 12:37:42.066" endtime="20230509 12:37:42.066"/>
</kw>
<kw name="Run Keyword And Return Status" library="BuiltIn">
<var>${status}</var>
<arg>Wait Until Element Is Visible</arg>
<arg>${health.pageheader.doesanyofthemembers}</arg>
<arg>${SHORT_WAIT}</arg>
<doc>Runs the given keyword with given arguments and returns the status as a Boolean value.</doc>
<kw name="Wait Until Element Is Visible" library="SeleniumLibrary">
<arg>${health.pageheader.doesanyofthemembers}</arg>
<arg>${SHORT_WAIT}</arg>
<doc>Waits until the element ``locator`` is visible.</doc>
<status status="PASS" starttime="20230509 12:37:42.067" endtime="20230509 12:37:42.082"/>
</kw>
<msg timestamp="20230509 12:37:42.082" level="INFO">${status} = True</msg>
<status status="PASS" starttime="20230509 12:37:42.066" endtime="20230509 12:37:42.082"/>
</kw>
<kw name="Run Keyword If" library="BuiltIn">
<arg>${status}==True</arg>
<arg>Click on Next button</arg>
<doc>Runs the given keyword with the given arguments, if ``condition`` is true.</doc>
<kw name="Click on Next button" library="common">
<kw name="Click Element" library="SeleniumLibrary">
<arg>${common.button.next}</arg>
<doc>Click the element identified by ``locator``.</doc>
<msg timestamp="20230509 12:37:42.085" level="INFO">Clicking element '//div[@id='Next']'.</msg>
<status status="PASS" starttime="20230509 12:37:42.084" endtime="20230509 12:37:42.163"/>
</kw>
<status status="PASS" starttime="20230509 12:37:42.083" endtime="20230509 12:37:42.163"/>
</kw>
<status status="PASS" starttime="20230509 12:37:42.082" endtime="20230509 12:37:42.164"/>
</kw>
<status status="PASS" starttime="20230509 12:37:41.989" endtime="20230509 12:37:42.164"/>
</kw>
<kw name="What is your pincode" library="health_policy">
<arg>${policy_data}[pincode]</arg>
<kw name="Wait Until Element Is Visible" library="SeleniumLibrary">
<arg>${health.pageheader.whatisyourpincode}</arg>
<arg>${SHORT_WAIT}</arg>
<doc>Waits until the element ``locator`` is visible.</doc>
<status status="PASS" starttime="20230509 12:37:42.165" endtime="20230509 12:37:42.188"/>
</kw>
<kw name="Input Text" library="SeleniumLibrary">
<arg>${health.text.pincode}</arg>
<arg>${pincode}</arg>
<doc>Types the given ``text`` into the text field identified by ``locator``.</doc>
<msg timestamp="20230509 12:37:42.189" level="INFO">Typing text '500051' into text field '//input[@data-auto="pincode"]'.</msg>
<status status="PASS" starttime="20230509 12:37:42.188" endtime="20230509 12:37:42.280"/>
</kw>
<kw name="Click on Next button" library="common">
<kw name="Click Element" library="SeleniumLibrary">
<arg>${common.button.next}</arg>
<doc>Click the element identified by ``locator``.</doc>
<msg timestamp="20230509 12:37:42.283" level="INFO">Clicking element '//div[@id='Next']'.</msg>
<status status="PASS" starttime="20230509 12:37:42.281" endtime="20230509 12:37:42.374"/>
</kw>
<status status="PASS" starttime="20230509 12:37:42.280" endtime="20230509 12:37:42.375"/>
</kw>
<status status="PASS" starttime="20230509 12:37:42.164" endtime="20230509 12:37:42.375"/>
</kw>
<kw name="Your prefered hospital" library="health_policy">
<kw name="Wait Until Element Is Visible" library="SeleniumLibrary">
<arg>${health.pageheader.yourpreffered}</arg>
<doc>Waits until the element ``locator`` is visible.</doc>
<status status="PASS" starttime="20230509 12:37:42.376" endtime="20230509 12:37:42.409"/>
</kw>
<kw name="Click on Next button" library="common">
<kw name="Click Element" library="SeleniumLibrary">
<arg>${common.button.next}</arg>
<doc>Click the element identified by ``locator``.</doc>
<msg timestamp="20230509 12:37:42.410" level="INFO">Clicking element '//div[@id='Next']'.</msg>
<status status="PASS" starttime="20230509 12:37:42.409" endtime="20230509 12:37:42.490"/>
</kw>
<status status="PASS" starttime="20230509 12:37:42.409" endtime="20230509 12:37:42.490"/>
</kw>
<status status="PASS" starttime="20230509 12:37:42.375" endtime="20230509 12:37:42.490"/>
</kw>
<kw name="What is your income bracket" library="health_policy">
<arg>${policy_data}[income_bracket]</arg>
<kw name="Wait Until Element Is Visible" library="SeleniumLibrary">
<arg>${health.pageheader.whatisyourincomebracket}</arg>
<doc>Waits until the element ``locator`` is visible.</doc>
<status status="PASS" starttime="20230509 12:37:42.491" endtime="20230509 12:37:42.514"/>
</kw>
<kw name="Run Keyword If" library="BuiltIn">
<arg>'${income}'=='LESSTHAN2.5LAKHS'</arg>
<arg>Click Element</arg>
<arg>${health.radio.incomelessthan2.5}</arg>
<doc>Runs the given keyword with the given arguments, if ``condition`` is true.</doc>
<status status="PASS" starttime="20230509 12:37:42.514" endtime="20230509 12:37:42.515"/>
</kw>
<kw name="Run Keyword If" library="BuiltIn">
<arg>'${income}'=='UPTO5LAKHS'</arg>
<arg>Click Element</arg>
<arg>${health.radio.incomeupto5lakhs}</arg>
<doc>Runs the given keyword with the given arguments, if ``condition`` is true.</doc>
<status status="PASS" starttime="20230509 12:37:42.515" endtime="20230509 12:37:42.516"/>
</kw>
<kw name="Run Keyword If" library="BuiltIn">
<arg>'${income}'=='UPTO10LAKHS'</arg>
<arg>Click Element</arg>
<arg>${health.radio.incomeupto10lakhs}</arg>
<doc>Runs the given keyword with the given arguments, if ``condition`` is true.</doc>
<kw name="Click Element" library="SeleniumLibrary">
<arg>${health.radio.incomeupto10lakhs}</arg>
<doc>Click the element identified by ``locator``.</doc>
<msg timestamp="20230509 12:37:42.517" level="INFO">Clicking element '//span[@class='ng-binding' and text()='Rs 5 to 10 lakhs']'.</msg>
<status status="PASS" starttime="20230509 12:37:42.516" endtime="20230509 12:37:42.579"/>
</kw>
<status status="PASS" starttime="20230509 12:37:42.516" endtime="20230509 12:37:42.579"/>
</kw>
<kw name="Run Keyword If" library="BuiltIn">
<arg>'${income}'=='MORETHAN10LAKHS'</arg>
<arg>Click Element</arg>
<arg>${health.radio.incomemorethan10lakhs}</arg>
<doc>Runs the given keyword with the given arguments, if ``condition`` is true.</doc>
<status status="PASS" starttime="20230509 12:37:42.580" endtime="20230509 12:37:42.580"/>
</kw>
<kw name="Run Keyword And Return Status" library="BuiltIn">
<var>${status}</var>
<arg>Wait Until Element Is Visible</arg>
<arg>\</arg>
<arg>${SHORT_WAIT}</arg>
<doc>Runs the given keyword with given arguments and returns the status as a Boolean value.</doc>
<kw name="Wait Until Element Is Visible" library="SeleniumLibrary">
<arg>\</arg>
<arg>${SHORT_WAIT}</arg>
<doc>Waits until the element ``locator`` is visible.</doc>
<msg timestamp="20230509 12:37:45.785" level="INFO" html="true">&lt;/td&gt;&lt;/tr&gt;&lt;tr&gt;&lt;td colspan="3"&gt;&lt;a href="selenium-screenshot-19.png"&gt;&lt;img src="selenium-screenshot-19.png" width="800px"&gt;&lt;/a&gt;</msg>
<msg timestamp="20230509 12:37:45.785" level="FAIL">Element '' not visible after 3 seconds.</msg>
<status status="FAIL" starttime="20230509 12:37:42.581" endtime="20230509 12:37:45.786"/>
</kw>
<msg timestamp="20230509 12:37:45.786" level="INFO">${status} = False</msg>
<status status="PASS" starttime="20230509 12:37:42.580" endtime="20230509 12:37:45.786"/>
</kw>
<kw name="Run Keyword If" library="BuiltIn">
<arg>${status}==True</arg>
<arg>Click on Next button</arg>
<doc>Runs the given keyword with the given arguments, if ``condition`` is true.</doc>
<status status="PASS" starttime="20230509 12:37:45.786" endtime="20230509 12:37:45.787"/>
</kw>
<status status="PASS" starttime="20230509 12:37:42.490" endtime="20230509 12:37:45.787"/>
</kw>
<kw name="Save your quote now" library="health_policy">
<arg>${policy_data}[name]</arg>
<arg>${policy_data}[mobile]</arg>
<arg>${policy_data}[email]</arg>
<kw name="Wait Until Element Is Visible" library="SeleniumLibrary">
<arg>${health.pageheader.saveyourquote}</arg>
<doc>Waits until the element ``locator`` is visible.</doc>
<status status="PASS" starttime="20230509 12:37:45.788" endtime="20230509 12:37:45.810"/>
</kw>
<kw name="Input Text" library="SeleniumLibrary">
<arg>${health.text.name}</arg>
<arg>${name}</arg>
<doc>Types the given ``text`` into the text field identified by ``locator``.</doc>
<msg timestamp="20230509 12:37:45.811" level="INFO">Typing text '1683616056fullname' into text field '//input[@data-auto='leadName']'.</msg>
<status status="PASS" starttime="20230509 12:37:45.811" endtime="20230509 12:37:45.933"/>
</kw>
<kw name="Input Text" library="SeleniumLibrary">
<arg>${health.text.mobile}</arg>
<arg>${mobile}</arg>
<doc>Types the given ``text`` into the text field identified by ``locator``.</doc>
<msg timestamp="20230509 12:37:45.934" level="INFO">Typing text '1683616056phno' into text field '//input[@data-auto='leadMobile']'.</msg>
<status status="PASS" starttime="20230509 12:37:45.933" endtime="20230509 12:37:46.038"/>
</kw>
<kw name="Input Text" library="SeleniumLibrary">
<arg>${health.text.email}</arg>
<arg>${email}</arg>
<doc>Types the given ``text`` into the text field identified by ``locator``.</doc>
<msg timestamp="20230509 12:37:46.039" level="INFO">Typing text 'AutoTest1683616056@gmail.com' into text field '//input[@data-auto='leadEmail']'.</msg>
<status status="PASS" starttime="20230509 12:37:46.038" endtime="20230509 12:37:46.181"/>
</kw>
<kw name="Click on Next button" library="common">
<kw name="Click Element" library="SeleniumLibrary">
<arg>${common.button.next}</arg>
<doc>Click the element identified by ``locator``.</doc>
<msg timestamp="20230509 12:37:46.182" level="INFO">Clicking element '//div[@id='Next']'.</msg>
<status status="PASS" starttime="20230509 12:37:46.181" endtime="20230509 12:37:46.247"/>
</kw>
<status status="PASS" starttime="20230509 12:37:46.181" endtime="20230509 12:37:46.247"/>
</kw>
<status status="PASS" starttime="20230509 12:37:45.787" endtime="20230509 12:37:46.247"/>
</kw>
<status status="PASS" starttime="20230509 12:37:36.129" endtime="20230509 12:37:46.248"/>
</kw>
<kw name="Sleep" library="BuiltIn">
<arg>10s</arg>
<doc>Pauses the test executed for the given time.</doc>
<msg timestamp="20230509 12:37:56.258" level="INFO">Slept 10 seconds</msg>
<status status="PASS" starttime="20230509 12:37:46.249" endtime="20230509 12:37:56.259"/>
</kw>
<kw name="Get Health Policy Results Data" library="CustomLibrary">
<msg timestamp="20230509 12:37:58.723" level="INFO">22
MAXBUPAHEALTH	Niva Bupa Reassure 2.0 Titanium +	 16081
500000.0
99.99
CIGNA	Pro Health - Plus	 19246
550000.0
89.43
DIGIT	Digit Diamond	 17029
500000.0
97.5
MAXBUPAHEALTH	Niva Bupa Reassure 2.0 Bronze +	 14093
500000.0
99.99
MAXBUPAHEALTH	Niva Bupa Reassure 2.0 Platinum +	 15656
500000.0
99.99
CIGNA	Pro Health - Protect	 14733
550000.0
89.43
MAXBUPAHEALTH	Niva Bupa Reassure	 14470
500000.0
99.99
CIGNA	Pro Health - Accumulate	 21349
550000.0
89.43
HDFC	SilverSmart	 15622
500000.0
97.63
DIGIT	Digit Gold	 15188
500000.0
97.5
STAR	Star Health Comprehensive	 14302
500000.0
89.0
DIGIT	Digit Silver	 12253
500000.0
97.5
ADITYABIRLAHEALTH	Platinum - Enhanced	 13334
500000.0
92.1
RELI	Reliance Health Wise Gold	 20112
500000.0
94.02
RELI	Reliance Health Wise Silver	 15694
500000.0
94.02
ADITYABIRLAHEALTH	Activ Assure - Diamond	 14062
500000.0
92.1
RELI	Reliance Health Wise Standard	 14153
500000.0
94.02
STAR	Star Family Health Optima	 17304
500000.0
89.0
STAR	Arogya Sanjeevini - Floater	 9593
500000.0
89.0
RELIGARE	Care Freedom	 11891
500000.0
92.7
SBIG	Arogya Sanjeevani	 9988
500000.0
82.0
ORNT	Happy Family floater - Silver	 13610
500000.0
89.1</msg>
<status status="PASS" starttime="20230509 12:37:56.263" endtime="20230509 12:37:58.724"/>
</kw>
<kw name="Change the cover amount" library="health_policy_results">
<arg>10</arg>
<kw name="Click Element" library="SeleniumLibrary">
<arg>${healthresult.dropdown.cover}</arg>
<doc>Click the element identified by ``locator``.</doc>
<msg timestamp="20230509 12:37:58.726" level="INFO">Clicking element '//div[@class='filterpanel']/..//button[@id="filterCover"]'.</msg>
<status status="PASS" starttime="20230509 12:37:58.725" endtime="20230509 12:37:58.782"/>
</kw>
<kw name="Sleep" library="BuiltIn">
<arg>3s</arg>
<doc>Pauses the test executed for the given time.</doc>
<msg timestamp="20230509 12:38:01.783" level="INFO">Slept 3 seconds</msg>
<status status="PASS" starttime="20230509 12:37:58.783" endtime="20230509 12:38:01.783"/>
</kw>
<kw name="Wait Until Element Is Visible" library="SeleniumLibrary">
<arg>${healthresult.dropdown.cover}</arg>
<doc>Waits until the element ``locator`` is visible.</doc>
<status status="PASS" starttime="20230509 12:38:01.783" endtime="20230509 12:38:01.802"/>
</kw>
<kw name="Update Dynamic Xpath" library="common">
<var>${loc_dropdown_covervalue}</var>
<arg>${health.result.dropdown.value}</arg>
<arg>${cover_value}</arg>
<kw name="Replace String" library="String">
<var>${new_locator}</var>
<arg>${locator}</arg>
<arg>replaceText</arg>
<arg>${text}</arg>
<doc>Replaces ``search_for`` in the given ``string`` with ``replace_with``.</doc>
<msg timestamp="20230509 12:38:01.804" level="INFO">${new_locator} = //ul[@class="dropdown-menu noclose"]/..//li[@data-ng-repeat="ele in selector.list"]/..//a[@class="ng-binding" and contains(text(),'10') ]/..//span[@class="ng-scope" and contains(text(),'Lakhs')]</msg>
<status status="PASS" starttime="20230509 12:38:01.804" endtime="20230509 12:38:01.805"/>
</kw>
<msg timestamp="20230509 12:38:01.805" level="INFO">${loc_dropdown_covervalue} = //ul[@class="dropdown-menu noclose"]/..//li[@data-ng-repeat="ele in selector.list"]/..//a[@class="ng-binding" and contains(text(),'10') ]/..//span[@class="ng-scope" and contains(text(),'Lakhs')]</msg>
<status status="PASS" starttime="20230509 12:38:01.803" endtime="20230509 12:38:01.805"/>
</kw>
<kw name="Click Element" library="SeleniumLibrary">
<arg>${loc_dropdown_covervalue}</arg>
<doc>Click the element identified by ``locator``.</doc>
<msg timestamp="20230509 12:38:01.806" level="INFO">Clicking element '//ul[@class="dropdown-menu noclose"]/..//li[@data-ng-repeat="ele in selector.list"]/..//a[@class="ng-binding" and contains(text(),'10') ]/..//span[@class="ng-scope" and contains(text(),'Lakhs')]'.</msg>
<status status="PASS" starttime="20230509 12:38:01.805" endtime="20230509 12:38:01.931"/>
</kw>
<status status="PASS" starttime="20230509 12:37:58.724" endtime="20230509 12:38:01.932"/>
</kw>
<status status="PASS" starttime="20230509 12:37:31.279" endtime="20230509 12:38:01.932"/>
</test>
<status status="PASS" starttime="20230509 12:37:31.268" endtime="20230509 12:38:01.934"/>
</suite>
<status status="PASS" starttime="20230509 12:37:30.947" endtime="20230509 12:38:01.939"/>
</suite>
<status status="PASS" starttime="20230509 12:37:30.920" endtime="20230509 12:38:01.942"/>
</suite>
<statistics>
<total>
<stat pass="1" fail="0" skip="0">All Tests</stat>
</total>
<tag>
</tag>
<suite>
<stat pass="1" fail="0" skip="0" id="s1" name="Turtlemint">Turtlemint</stat>
<stat pass="1" fail="0" skip="0" id="s1-s1" name="KeywordTestcases">Turtlemint.KeywordTestcases</stat>
<stat pass="1" fail="0" skip="0" id="s1-s1-s1" name="Creating A Policy">Turtlemint.KeywordTestcases.Creating A Policy</stat>
</suite>
</statistics>
<errors>
</errors>
</robot>
